[2024-10-06T04:32:05.867+0000] {processor.py:186} INFO - Started process (PID=2546) to work on /opt/airflow/dags/Hello_world.py
[2024-10-06T04:32:05.867+0000] {processor.py:914} INFO - Processing file /opt/airflow/dags/Hello_world.py for tasks to queue
[2024-10-06T04:32:05.869+0000] {logging_mixin.py:190} INFO - [2024-10-06T04:32:05.869+0000] {dagbag.py:588} INFO - Filling up the DagBag from /opt/airflow/dags/Hello_world.py
[2024-10-06T04:32:05.874+0000] {logging_mixin.py:190} INFO - [2024-10-06T04:32:05.873+0000] {dagbag.py:387} ERROR - Failed to import: /opt/airflow/dags/Hello_world.py
Traceback (most recent call last):
  File "/home/airflow/.local/lib/python3.12/site-packages/airflow/models/dagbag.py", line 383, in parse
    loader.exec_module(new_module)
  File "<frozen importlib._bootstrap_external>", line 995, in exec_module
  File "<frozen importlib._bootstrap>", line 488, in _call_with_frames_removed
  File "/opt/airflow/dags/Hello_world.py", line 14, in <module>
    task_hello = PythonOperator(
                 ^^^^^^^^^^^^^^^
  File "/home/airflow/.local/lib/python3.12/site-packages/airflow/models/baseoperator.py", line 473, in apply_defaults
    raise AirflowException(f"missing keyword argument {missing_args.pop()!r}")
airflow.exceptions.AirflowException: missing keyword argument 'python_callable'
[2024-10-06T04:32:05.875+0000] {processor.py:927} WARNING - No viable dags retrieved from /opt/airflow/dags/Hello_world.py
[2024-10-06T04:32:05.897+0000] {processor.py:208} INFO - Processing /opt/airflow/dags/Hello_world.py took 0.035 seconds
[2024-10-06T04:32:36.161+0000] {processor.py:186} INFO - Started process (PID=2605) to work on /opt/airflow/dags/Hello_world.py
[2024-10-06T04:32:36.162+0000] {processor.py:914} INFO - Processing file /opt/airflow/dags/Hello_world.py for tasks to queue
[2024-10-06T04:32:36.164+0000] {logging_mixin.py:190} INFO - [2024-10-06T04:32:36.163+0000] {dagbag.py:588} INFO - Filling up the DagBag from /opt/airflow/dags/Hello_world.py
[2024-10-06T04:32:36.169+0000] {logging_mixin.py:190} INFO - [2024-10-06T04:32:36.167+0000] {dagbag.py:387} ERROR - Failed to import: /opt/airflow/dags/Hello_world.py
Traceback (most recent call last):
  File "/home/airflow/.local/lib/python3.12/site-packages/airflow/models/dagbag.py", line 383, in parse
    loader.exec_module(new_module)
  File "<frozen importlib._bootstrap_external>", line 995, in exec_module
  File "<frozen importlib._bootstrap>", line 488, in _call_with_frames_removed
  File "/opt/airflow/dags/Hello_world.py", line 14, in <module>
    task_hello = PythonOperator(
                 ^^^^^^^^^^^^^^^
  File "/home/airflow/.local/lib/python3.12/site-packages/airflow/models/baseoperator.py", line 473, in apply_defaults
    raise AirflowException(f"missing keyword argument {missing_args.pop()!r}")
airflow.exceptions.AirflowException: missing keyword argument 'python_callable'
[2024-10-06T04:32:36.169+0000] {processor.py:927} WARNING - No viable dags retrieved from /opt/airflow/dags/Hello_world.py
[2024-10-06T04:32:36.192+0000] {processor.py:208} INFO - Processing /opt/airflow/dags/Hello_world.py took 0.035 seconds
[2024-10-06T04:33:06.509+0000] {processor.py:186} INFO - Started process (PID=2668) to work on /opt/airflow/dags/Hello_world.py
[2024-10-06T04:33:06.510+0000] {processor.py:914} INFO - Processing file /opt/airflow/dags/Hello_world.py for tasks to queue
[2024-10-06T04:33:06.512+0000] {logging_mixin.py:190} INFO - [2024-10-06T04:33:06.512+0000] {dagbag.py:588} INFO - Filling up the DagBag from /opt/airflow/dags/Hello_world.py
[2024-10-06T04:33:06.517+0000] {logging_mixin.py:190} INFO - [2024-10-06T04:33:06.516+0000] {dagbag.py:387} ERROR - Failed to import: /opt/airflow/dags/Hello_world.py
Traceback (most recent call last):
  File "/home/airflow/.local/lib/python3.12/site-packages/airflow/models/dagbag.py", line 383, in parse
    loader.exec_module(new_module)
  File "<frozen importlib._bootstrap_external>", line 995, in exec_module
  File "<frozen importlib._bootstrap>", line 488, in _call_with_frames_removed
  File "/opt/airflow/dags/Hello_world.py", line 14, in <module>
    task_hello = PythonOperator(
                 ^^^^^^^^^^^^^^^
  File "/home/airflow/.local/lib/python3.12/site-packages/airflow/models/baseoperator.py", line 473, in apply_defaults
    raise AirflowException(f"missing keyword argument {missing_args.pop()!r}")
airflow.exceptions.AirflowException: missing keyword argument 'python_callable'
[2024-10-06T04:33:06.518+0000] {processor.py:927} WARNING - No viable dags retrieved from /opt/airflow/dags/Hello_world.py
[2024-10-06T04:33:06.540+0000] {processor.py:208} INFO - Processing /opt/airflow/dags/Hello_world.py took 0.034 seconds
[2024-10-06T04:33:37.319+0000] {processor.py:186} INFO - Started process (PID=2731) to work on /opt/airflow/dags/Hello_world.py
[2024-10-06T04:33:37.319+0000] {processor.py:914} INFO - Processing file /opt/airflow/dags/Hello_world.py for tasks to queue
[2024-10-06T04:33:37.321+0000] {logging_mixin.py:190} INFO - [2024-10-06T04:33:37.321+0000] {dagbag.py:588} INFO - Filling up the DagBag from /opt/airflow/dags/Hello_world.py
[2024-10-06T04:33:37.326+0000] {logging_mixin.py:190} INFO - [2024-10-06T04:33:37.325+0000] {dagbag.py:387} ERROR - Failed to import: /opt/airflow/dags/Hello_world.py
Traceback (most recent call last):
  File "/home/airflow/.local/lib/python3.12/site-packages/airflow/models/dagbag.py", line 383, in parse
    loader.exec_module(new_module)
  File "<frozen importlib._bootstrap_external>", line 995, in exec_module
  File "<frozen importlib._bootstrap>", line 488, in _call_with_frames_removed
  File "/opt/airflow/dags/Hello_world.py", line 14, in <module>
    task_hello = PythonOperator(
                 ^^^^^^^^^^^^^^^
  File "/home/airflow/.local/lib/python3.12/site-packages/airflow/models/baseoperator.py", line 473, in apply_defaults
    raise AirflowException(f"missing keyword argument {missing_args.pop()!r}")
airflow.exceptions.AirflowException: missing keyword argument 'python_callable'
[2024-10-06T04:33:37.326+0000] {processor.py:927} WARNING - No viable dags retrieved from /opt/airflow/dags/Hello_world.py
[2024-10-06T04:33:37.356+0000] {processor.py:208} INFO - Processing /opt/airflow/dags/Hello_world.py took 0.041 seconds
[2024-10-06T04:34:08.157+0000] {processor.py:186} INFO - Started process (PID=2794) to work on /opt/airflow/dags/Hello_world.py
[2024-10-06T04:34:08.157+0000] {processor.py:914} INFO - Processing file /opt/airflow/dags/Hello_world.py for tasks to queue
[2024-10-06T04:34:08.159+0000] {logging_mixin.py:190} INFO - [2024-10-06T04:34:08.159+0000] {dagbag.py:588} INFO - Filling up the DagBag from /opt/airflow/dags/Hello_world.py
[2024-10-06T04:34:08.164+0000] {logging_mixin.py:190} INFO - [2024-10-06T04:34:08.163+0000] {dagbag.py:387} ERROR - Failed to import: /opt/airflow/dags/Hello_world.py
Traceback (most recent call last):
  File "/home/airflow/.local/lib/python3.12/site-packages/airflow/models/dagbag.py", line 383, in parse
    loader.exec_module(new_module)
  File "<frozen importlib._bootstrap_external>", line 995, in exec_module
  File "<frozen importlib._bootstrap>", line 488, in _call_with_frames_removed
  File "/opt/airflow/dags/Hello_world.py", line 14, in <module>
    task_hello = PythonOperator(
                 ^^^^^^^^^^^^^^^
  File "/home/airflow/.local/lib/python3.12/site-packages/airflow/models/baseoperator.py", line 473, in apply_defaults
    raise AirflowException(f"missing keyword argument {missing_args.pop()!r}")
airflow.exceptions.AirflowException: missing keyword argument 'python_callable'
[2024-10-06T04:34:08.164+0000] {processor.py:927} WARNING - No viable dags retrieved from /opt/airflow/dags/Hello_world.py
[2024-10-06T04:34:08.188+0000] {processor.py:208} INFO - Processing /opt/airflow/dags/Hello_world.py took 0.036 seconds
[2024-10-06T04:34:38.551+0000] {processor.py:186} INFO - Started process (PID=2857) to work on /opt/airflow/dags/Hello_world.py
[2024-10-06T04:34:38.551+0000] {processor.py:914} INFO - Processing file /opt/airflow/dags/Hello_world.py for tasks to queue
[2024-10-06T04:34:38.553+0000] {logging_mixin.py:190} INFO - [2024-10-06T04:34:38.553+0000] {dagbag.py:588} INFO - Filling up the DagBag from /opt/airflow/dags/Hello_world.py
[2024-10-06T04:34:38.558+0000] {logging_mixin.py:190} INFO - [2024-10-06T04:34:38.557+0000] {dagbag.py:387} ERROR - Failed to import: /opt/airflow/dags/Hello_world.py
Traceback (most recent call last):
  File "/home/airflow/.local/lib/python3.12/site-packages/airflow/models/dagbag.py", line 383, in parse
    loader.exec_module(new_module)
  File "<frozen importlib._bootstrap_external>", line 995, in exec_module
  File "<frozen importlib._bootstrap>", line 488, in _call_with_frames_removed
  File "/opt/airflow/dags/Hello_world.py", line 14, in <module>
    task_hello = PythonOperator(
                 ^^^^^^^^^^^^^^^
  File "/home/airflow/.local/lib/python3.12/site-packages/airflow/models/baseoperator.py", line 473, in apply_defaults
    raise AirflowException(f"missing keyword argument {missing_args.pop()!r}")
airflow.exceptions.AirflowException: missing keyword argument 'python_callable'
[2024-10-06T04:34:38.559+0000] {processor.py:927} WARNING - No viable dags retrieved from /opt/airflow/dags/Hello_world.py
[2024-10-06T04:34:38.577+0000] {processor.py:208} INFO - Processing /opt/airflow/dags/Hello_world.py took 0.031 seconds
[2024-10-06T04:35:09.249+0000] {processor.py:186} INFO - Started process (PID=2927) to work on /opt/airflow/dags/Hello_world.py
[2024-10-06T04:35:09.250+0000] {processor.py:914} INFO - Processing file /opt/airflow/dags/Hello_world.py for tasks to queue
[2024-10-06T04:35:09.251+0000] {logging_mixin.py:190} INFO - [2024-10-06T04:35:09.251+0000] {dagbag.py:588} INFO - Filling up the DagBag from /opt/airflow/dags/Hello_world.py
[2024-10-06T04:35:09.256+0000] {logging_mixin.py:190} INFO - [2024-10-06T04:35:09.255+0000] {dagbag.py:387} ERROR - Failed to import: /opt/airflow/dags/Hello_world.py
Traceback (most recent call last):
  File "/home/airflow/.local/lib/python3.12/site-packages/airflow/models/dagbag.py", line 383, in parse
    loader.exec_module(new_module)
  File "<frozen importlib._bootstrap_external>", line 995, in exec_module
  File "<frozen importlib._bootstrap>", line 488, in _call_with_frames_removed
  File "/opt/airflow/dags/Hello_world.py", line 14, in <module>
    task_hello = PythonOperator(
                 ^^^^^^^^^^^^^^^
  File "/home/airflow/.local/lib/python3.12/site-packages/airflow/models/baseoperator.py", line 473, in apply_defaults
    raise AirflowException(f"missing keyword argument {missing_args.pop()!r}")
airflow.exceptions.AirflowException: missing keyword argument 'python_callable'
[2024-10-06T04:35:09.257+0000] {processor.py:927} WARNING - No viable dags retrieved from /opt/airflow/dags/Hello_world.py
[2024-10-06T04:35:09.278+0000] {processor.py:208} INFO - Processing /opt/airflow/dags/Hello_world.py took 0.033 seconds
[2024-10-06T04:35:13.471+0000] {processor.py:186} INFO - Started process (PID=2932) to work on /opt/airflow/dags/Hello_world.py
[2024-10-06T04:35:13.472+0000] {processor.py:914} INFO - Processing file /opt/airflow/dags/Hello_world.py for tasks to queue
[2024-10-06T04:35:13.474+0000] {logging_mixin.py:190} INFO - [2024-10-06T04:35:13.474+0000] {dagbag.py:588} INFO - Filling up the DagBag from /opt/airflow/dags/Hello_world.py
[2024-10-06T04:35:13.481+0000] {logging_mixin.py:190} INFO - [2024-10-06T04:35:13.479+0000] {dagbag.py:387} ERROR - Failed to import: /opt/airflow/dags/Hello_world.py
Traceback (most recent call last):
  File "/home/airflow/.local/lib/python3.12/site-packages/airflow/models/dagbag.py", line 383, in parse
    loader.exec_module(new_module)
  File "<frozen importlib._bootstrap_external>", line 995, in exec_module
  File "<frozen importlib._bootstrap>", line 488, in _call_with_frames_removed
  File "/opt/airflow/dags/Hello_world.py", line 14, in <module>
    task_hello = PythonOperator(
                 ^^^^^^^^^^^^^^^
  File "/home/airflow/.local/lib/python3.12/site-packages/airflow/models/baseoperator.py", line 473, in apply_defaults
    raise AirflowException(f"missing keyword argument {missing_args.pop()!r}")
airflow.exceptions.AirflowException: missing keyword argument 'python_callable'
[2024-10-06T04:35:13.481+0000] {processor.py:927} WARNING - No viable dags retrieved from /opt/airflow/dags/Hello_world.py
[2024-10-06T04:35:13.500+0000] {processor.py:208} INFO - Processing /opt/airflow/dags/Hello_world.py took 0.035 seconds
[2024-10-06T04:35:44.405+0000] {processor.py:186} INFO - Started process (PID=2995) to work on /opt/airflow/dags/Hello_world.py
[2024-10-06T04:35:44.405+0000] {processor.py:914} INFO - Processing file /opt/airflow/dags/Hello_world.py for tasks to queue
[2024-10-06T04:35:44.407+0000] {logging_mixin.py:190} INFO - [2024-10-06T04:35:44.407+0000] {dagbag.py:588} INFO - Filling up the DagBag from /opt/airflow/dags/Hello_world.py
[2024-10-06T04:35:44.412+0000] {logging_mixin.py:190} INFO - [2024-10-06T04:35:44.411+0000] {dagbag.py:387} ERROR - Failed to import: /opt/airflow/dags/Hello_world.py
Traceback (most recent call last):
  File "/home/airflow/.local/lib/python3.12/site-packages/airflow/models/dagbag.py", line 383, in parse
    loader.exec_module(new_module)
  File "<frozen importlib._bootstrap_external>", line 995, in exec_module
  File "<frozen importlib._bootstrap>", line 488, in _call_with_frames_removed
  File "/opt/airflow/dags/Hello_world.py", line 14, in <module>
    task_hello = PythonOperator(
                 ^^^^^^^^^^^^^^^
  File "/home/airflow/.local/lib/python3.12/site-packages/airflow/models/baseoperator.py", line 473, in apply_defaults
    raise AirflowException(f"missing keyword argument {missing_args.pop()!r}")
airflow.exceptions.AirflowException: missing keyword argument 'python_callable'
[2024-10-06T04:35:44.413+0000] {processor.py:927} WARNING - No viable dags retrieved from /opt/airflow/dags/Hello_world.py
[2024-10-06T04:35:44.435+0000] {processor.py:208} INFO - Processing /opt/airflow/dags/Hello_world.py took 0.035 seconds
[2024-10-06T04:36:10.186+0000] {processor.py:186} INFO - Started process (PID=3047) to work on /opt/airflow/dags/Hello_world.py
[2024-10-06T04:36:10.186+0000] {processor.py:914} INFO - Processing file /opt/airflow/dags/Hello_world.py for tasks to queue
[2024-10-06T04:36:10.188+0000] {logging_mixin.py:190} INFO - [2024-10-06T04:36:10.188+0000] {dagbag.py:588} INFO - Filling up the DagBag from /opt/airflow/dags/Hello_world.py
[2024-10-06T04:36:10.196+0000] {processor.py:925} INFO - DAG(s) 'hello_world_devan' retrieved from /opt/airflow/dags/Hello_world.py
[2024-10-06T04:36:10.471+0000] {logging_mixin.py:190} INFO - [2024-10-06T04:36:10.471+0000] {override.py:1900} INFO - Created Permission View: can read on DAG:hello_world_devan
[2024-10-06T04:36:10.496+0000] {logging_mixin.py:190} INFO - [2024-10-06T04:36:10.496+0000] {override.py:1900} INFO - Created Permission View: can delete on DAG:hello_world_devan
[2024-10-06T04:36:10.519+0000] {logging_mixin.py:190} INFO - [2024-10-06T04:36:10.519+0000] {override.py:1900} INFO - Created Permission View: can edit on DAG:hello_world_devan
[2024-10-06T04:36:10.537+0000] {logging_mixin.py:190} INFO - [2024-10-06T04:36:10.536+0000] {override.py:1900} INFO - Created Permission View: menu access on DAG Run:hello_world_devan
[2024-10-06T04:36:10.554+0000] {logging_mixin.py:190} INFO - [2024-10-06T04:36:10.554+0000] {override.py:1900} INFO - Created Permission View: can read on DAG Run:hello_world_devan
[2024-10-06T04:36:10.565+0000] {logging_mixin.py:190} INFO - [2024-10-06T04:36:10.564+0000] {override.py:1900} INFO - Created Permission View: can delete on DAG Run:hello_world_devan
[2024-10-06T04:36:10.581+0000] {logging_mixin.py:190} INFO - [2024-10-06T04:36:10.580+0000] {override.py:1900} INFO - Created Permission View: can create on DAG Run:hello_world_devan
[2024-10-06T04:36:10.581+0000] {logging_mixin.py:190} INFO - [2024-10-06T04:36:10.581+0000] {dag.py:3239} INFO - Sync 1 DAGs
[2024-10-06T04:36:10.592+0000] {logging_mixin.py:190} INFO - [2024-10-06T04:36:10.592+0000] {dag.py:3262} INFO - Creating ORM DAG for hello_world_devan
[2024-10-06T04:36:10.604+0000] {logging_mixin.py:190} INFO - [2024-10-06T04:36:10.604+0000] {dag.py:4180} INFO - Setting next_dagrun for hello_world_devan to 2024-10-06 00:00:00+00:00, run_after=2024-10-07 00:00:00+00:00
[2024-10-06T04:36:10.630+0000] {processor.py:208} INFO - Processing /opt/airflow/dags/Hello_world.py took 0.448 seconds
[2024-10-06T04:36:23.427+0000] {processor.py:186} INFO - Started process (PID=3059) to work on /opt/airflow/dags/Hello_world.py
[2024-10-06T04:36:23.428+0000] {processor.py:914} INFO - Processing file /opt/airflow/dags/Hello_world.py for tasks to queue
[2024-10-06T04:36:23.430+0000] {logging_mixin.py:190} INFO - [2024-10-06T04:36:23.429+0000] {dagbag.py:588} INFO - Filling up the DagBag from /opt/airflow/dags/Hello_world.py
[2024-10-06T04:36:23.437+0000] {processor.py:925} INFO - DAG(s) 'hello_world_devan' retrieved from /opt/airflow/dags/Hello_world.py
[2024-10-06T04:36:23.445+0000] {logging_mixin.py:190} INFO - [2024-10-06T04:36:23.445+0000] {dag.py:3239} INFO - Sync 1 DAGs
[2024-10-06T04:36:23.607+0000] {logging_mixin.py:190} INFO - [2024-10-06T04:36:23.607+0000] {dag.py:4180} INFO - Setting next_dagrun for hello_world_devan to 2024-10-06 00:00:00+00:00, run_after=2024-10-07 00:00:00+00:00
[2024-10-06T04:36:23.626+0000] {processor.py:208} INFO - Processing /opt/airflow/dags/Hello_world.py took 0.203 seconds
[2024-10-06T04:36:54.638+0000] {processor.py:186} INFO - Started process (PID=3122) to work on /opt/airflow/dags/Hello_world.py
[2024-10-06T04:36:54.639+0000] {processor.py:914} INFO - Processing file /opt/airflow/dags/Hello_world.py for tasks to queue
[2024-10-06T04:36:54.640+0000] {logging_mixin.py:190} INFO - [2024-10-06T04:36:54.640+0000] {dagbag.py:588} INFO - Filling up the DagBag from /opt/airflow/dags/Hello_world.py
[2024-10-06T04:36:54.647+0000] {processor.py:925} INFO - DAG(s) 'hello_world_devan' retrieved from /opt/airflow/dags/Hello_world.py
[2024-10-06T04:36:54.660+0000] {logging_mixin.py:190} INFO - [2024-10-06T04:36:54.660+0000] {dag.py:3239} INFO - Sync 1 DAGs
[2024-10-06T04:36:54.678+0000] {logging_mixin.py:190} INFO - [2024-10-06T04:36:54.678+0000] {dag.py:4180} INFO - Setting next_dagrun for hello_world_devan to 2024-10-06 00:00:00+00:00, run_after=2024-10-07 00:00:00+00:00
[2024-10-06T04:36:54.705+0000] {processor.py:208} INFO - Processing /opt/airflow/dags/Hello_world.py took 0.071 seconds
[2024-10-06T04:37:24.958+0000] {processor.py:186} INFO - Started process (PID=3186) to work on /opt/airflow/dags/Hello_world.py
[2024-10-06T04:37:24.959+0000] {processor.py:914} INFO - Processing file /opt/airflow/dags/Hello_world.py for tasks to queue
[2024-10-06T04:37:24.960+0000] {logging_mixin.py:190} INFO - [2024-10-06T04:37:24.960+0000] {dagbag.py:588} INFO - Filling up the DagBag from /opt/airflow/dags/Hello_world.py
[2024-10-06T04:37:24.967+0000] {processor.py:925} INFO - DAG(s) 'hello_world_devan' retrieved from /opt/airflow/dags/Hello_world.py
[2024-10-06T04:37:24.983+0000] {logging_mixin.py:190} INFO - [2024-10-06T04:37:24.983+0000] {dag.py:3239} INFO - Sync 1 DAGs
[2024-10-06T04:37:25.001+0000] {logging_mixin.py:190} INFO - [2024-10-06T04:37:25.001+0000] {dag.py:4180} INFO - Setting next_dagrun for hello_world_devan to 2024-10-06 00:00:00+00:00, run_after=2024-10-07 00:00:00+00:00
[2024-10-06T04:37:25.019+0000] {processor.py:208} INFO - Processing /opt/airflow/dags/Hello_world.py took 0.065 seconds
[2024-10-06T04:37:55.383+0000] {processor.py:186} INFO - Started process (PID=3250) to work on /opt/airflow/dags/Hello_world.py
[2024-10-06T04:37:55.384+0000] {processor.py:914} INFO - Processing file /opt/airflow/dags/Hello_world.py for tasks to queue
[2024-10-06T04:37:55.386+0000] {logging_mixin.py:190} INFO - [2024-10-06T04:37:55.385+0000] {dagbag.py:588} INFO - Filling up the DagBag from /opt/airflow/dags/Hello_world.py
[2024-10-06T04:37:55.392+0000] {processor.py:925} INFO - DAG(s) 'hello_world_devan' retrieved from /opt/airflow/dags/Hello_world.py
[2024-10-06T04:37:55.405+0000] {logging_mixin.py:190} INFO - [2024-10-06T04:37:55.405+0000] {dag.py:3239} INFO - Sync 1 DAGs
[2024-10-06T04:37:55.424+0000] {logging_mixin.py:190} INFO - [2024-10-06T04:37:55.423+0000] {dag.py:4180} INFO - Setting next_dagrun for hello_world_devan to 2024-10-06 00:00:00+00:00, run_after=2024-10-07 00:00:00+00:00
[2024-10-06T04:37:55.441+0000] {processor.py:208} INFO - Processing /opt/airflow/dags/Hello_world.py took 0.062 seconds
[2024-10-06T04:38:25.787+0000] {processor.py:186} INFO - Started process (PID=3314) to work on /opt/airflow/dags/Hello_world.py
[2024-10-06T04:38:25.788+0000] {processor.py:914} INFO - Processing file /opt/airflow/dags/Hello_world.py for tasks to queue
[2024-10-06T04:38:25.790+0000] {logging_mixin.py:190} INFO - [2024-10-06T04:38:25.789+0000] {dagbag.py:588} INFO - Filling up the DagBag from /opt/airflow/dags/Hello_world.py
[2024-10-06T04:38:25.796+0000] {processor.py:925} INFO - DAG(s) 'hello_world_devan' retrieved from /opt/airflow/dags/Hello_world.py
[2024-10-06T04:38:25.810+0000] {logging_mixin.py:190} INFO - [2024-10-06T04:38:25.810+0000] {dag.py:3239} INFO - Sync 1 DAGs
[2024-10-06T04:38:25.828+0000] {logging_mixin.py:190} INFO - [2024-10-06T04:38:25.828+0000] {dag.py:4180} INFO - Setting next_dagrun for hello_world_devan to 2024-10-06 00:00:00+00:00, run_after=2024-10-07 00:00:00+00:00
[2024-10-06T04:38:25.846+0000] {processor.py:208} INFO - Processing /opt/airflow/dags/Hello_world.py took 0.063 seconds
[2024-10-06T04:38:56.027+0000] {processor.py:186} INFO - Started process (PID=3377) to work on /opt/airflow/dags/Hello_world.py
[2024-10-06T04:38:56.027+0000] {processor.py:914} INFO - Processing file /opt/airflow/dags/Hello_world.py for tasks to queue
[2024-10-06T04:38:56.029+0000] {logging_mixin.py:190} INFO - [2024-10-06T04:38:56.029+0000] {dagbag.py:588} INFO - Filling up the DagBag from /opt/airflow/dags/Hello_world.py
[2024-10-06T04:38:56.038+0000] {processor.py:925} INFO - DAG(s) 'hello_world_devan' retrieved from /opt/airflow/dags/Hello_world.py
[2024-10-06T04:38:56.051+0000] {logging_mixin.py:190} INFO - [2024-10-06T04:38:56.051+0000] {dag.py:3239} INFO - Sync 1 DAGs
[2024-10-06T04:38:56.069+0000] {logging_mixin.py:190} INFO - [2024-10-06T04:38:56.069+0000] {dag.py:4180} INFO - Setting next_dagrun for hello_world_devan to 2024-10-06 00:00:00+00:00, run_after=2024-10-07 00:00:00+00:00
[2024-10-06T04:38:56.088+0000] {processor.py:208} INFO - Processing /opt/airflow/dags/Hello_world.py took 0.067 seconds
[2024-10-06T04:39:26.398+0000] {processor.py:186} INFO - Started process (PID=3440) to work on /opt/airflow/dags/Hello_world.py
[2024-10-06T04:39:26.399+0000] {processor.py:914} INFO - Processing file /opt/airflow/dags/Hello_world.py for tasks to queue
[2024-10-06T04:39:26.400+0000] {logging_mixin.py:190} INFO - [2024-10-06T04:39:26.400+0000] {dagbag.py:588} INFO - Filling up the DagBag from /opt/airflow/dags/Hello_world.py
[2024-10-06T04:39:26.407+0000] {processor.py:925} INFO - DAG(s) 'hello_world_devan' retrieved from /opt/airflow/dags/Hello_world.py
[2024-10-06T04:39:26.420+0000] {logging_mixin.py:190} INFO - [2024-10-06T04:39:26.420+0000] {dag.py:3239} INFO - Sync 1 DAGs
[2024-10-06T04:39:26.438+0000] {logging_mixin.py:190} INFO - [2024-10-06T04:39:26.438+0000] {dag.py:4180} INFO - Setting next_dagrun for hello_world_devan to 2024-10-06 00:00:00+00:00, run_after=2024-10-07 00:00:00+00:00
[2024-10-06T04:39:26.461+0000] {processor.py:208} INFO - Processing /opt/airflow/dags/Hello_world.py took 0.067 seconds
[2024-10-06T04:39:56.540+0000] {processor.py:186} INFO - Started process (PID=3503) to work on /opt/airflow/dags/Hello_world.py
[2024-10-06T04:39:56.540+0000] {processor.py:914} INFO - Processing file /opt/airflow/dags/Hello_world.py for tasks to queue
[2024-10-06T04:39:56.542+0000] {logging_mixin.py:190} INFO - [2024-10-06T04:39:56.542+0000] {dagbag.py:588} INFO - Filling up the DagBag from /opt/airflow/dags/Hello_world.py
[2024-10-06T04:39:56.549+0000] {processor.py:925} INFO - DAG(s) 'hello_world_devan' retrieved from /opt/airflow/dags/Hello_world.py
[2024-10-06T04:39:56.563+0000] {logging_mixin.py:190} INFO - [2024-10-06T04:39:56.563+0000] {dag.py:3239} INFO - Sync 1 DAGs
[2024-10-06T04:39:56.581+0000] {logging_mixin.py:190} INFO - [2024-10-06T04:39:56.581+0000] {dag.py:4180} INFO - Setting next_dagrun for hello_world_devan to 2024-10-06 00:00:00+00:00, run_after=2024-10-07 00:00:00+00:00
[2024-10-06T04:39:56.599+0000] {processor.py:208} INFO - Processing /opt/airflow/dags/Hello_world.py took 0.064 seconds
[2024-10-06T04:40:26.841+0000] {processor.py:186} INFO - Started process (PID=3566) to work on /opt/airflow/dags/Hello_world.py
[2024-10-06T04:40:26.842+0000] {processor.py:914} INFO - Processing file /opt/airflow/dags/Hello_world.py for tasks to queue
[2024-10-06T04:40:26.843+0000] {logging_mixin.py:190} INFO - [2024-10-06T04:40:26.843+0000] {dagbag.py:588} INFO - Filling up the DagBag from /opt/airflow/dags/Hello_world.py
[2024-10-06T04:40:26.850+0000] {processor.py:925} INFO - DAG(s) 'hello_world_devan' retrieved from /opt/airflow/dags/Hello_world.py
[2024-10-06T04:40:26.863+0000] {logging_mixin.py:190} INFO - [2024-10-06T04:40:26.863+0000] {dag.py:3239} INFO - Sync 1 DAGs
[2024-10-06T04:40:26.881+0000] {logging_mixin.py:190} INFO - [2024-10-06T04:40:26.881+0000] {dag.py:4180} INFO - Setting next_dagrun for hello_world_devan to 2024-10-06 00:00:00+00:00, run_after=2024-10-07 00:00:00+00:00
[2024-10-06T04:40:26.898+0000] {processor.py:208} INFO - Processing /opt/airflow/dags/Hello_world.py took 0.061 seconds
[2024-10-06T04:40:57.110+0000] {processor.py:186} INFO - Started process (PID=3630) to work on /opt/airflow/dags/Hello_world.py
[2024-10-06T04:40:57.110+0000] {processor.py:914} INFO - Processing file /opt/airflow/dags/Hello_world.py for tasks to queue
[2024-10-06T04:40:57.112+0000] {logging_mixin.py:190} INFO - [2024-10-06T04:40:57.112+0000] {dagbag.py:588} INFO - Filling up the DagBag from /opt/airflow/dags/Hello_world.py
[2024-10-06T04:40:57.119+0000] {processor.py:925} INFO - DAG(s) 'hello_world_devan' retrieved from /opt/airflow/dags/Hello_world.py
[2024-10-06T04:40:57.136+0000] {logging_mixin.py:190} INFO - [2024-10-06T04:40:57.136+0000] {dag.py:3239} INFO - Sync 1 DAGs
[2024-10-06T04:40:57.163+0000] {logging_mixin.py:190} INFO - [2024-10-06T04:40:57.163+0000] {dag.py:4180} INFO - Setting next_dagrun for hello_world_devan to 2024-10-06 00:00:00+00:00, run_after=2024-10-07 00:00:00+00:00
[2024-10-06T04:40:57.182+0000] {processor.py:208} INFO - Processing /opt/airflow/dags/Hello_world.py took 0.077 seconds
[2024-10-06T04:41:27.332+0000] {processor.py:186} INFO - Started process (PID=3693) to work on /opt/airflow/dags/Hello_world.py
[2024-10-06T04:41:27.332+0000] {processor.py:914} INFO - Processing file /opt/airflow/dags/Hello_world.py for tasks to queue
[2024-10-06T04:41:27.334+0000] {logging_mixin.py:190} INFO - [2024-10-06T04:41:27.334+0000] {dagbag.py:588} INFO - Filling up the DagBag from /opt/airflow/dags/Hello_world.py
[2024-10-06T04:41:27.341+0000] {processor.py:925} INFO - DAG(s) 'hello_world_devan' retrieved from /opt/airflow/dags/Hello_world.py
[2024-10-06T04:41:27.355+0000] {logging_mixin.py:190} INFO - [2024-10-06T04:41:27.355+0000] {dag.py:3239} INFO - Sync 1 DAGs
[2024-10-06T04:41:27.375+0000] {logging_mixin.py:190} INFO - [2024-10-06T04:41:27.375+0000] {dag.py:4180} INFO - Setting next_dagrun for hello_world_devan to 2024-10-06 00:00:00+00:00, run_after=2024-10-07 00:00:00+00:00
[2024-10-06T04:41:27.394+0000] {processor.py:208} INFO - Processing /opt/airflow/dags/Hello_world.py took 0.067 seconds
[2024-10-06T04:41:57.682+0000] {processor.py:186} INFO - Started process (PID=3756) to work on /opt/airflow/dags/Hello_world.py
[2024-10-06T04:41:57.683+0000] {processor.py:914} INFO - Processing file /opt/airflow/dags/Hello_world.py for tasks to queue
[2024-10-06T04:41:57.684+0000] {logging_mixin.py:190} INFO - [2024-10-06T04:41:57.684+0000] {dagbag.py:588} INFO - Filling up the DagBag from /opt/airflow/dags/Hello_world.py
[2024-10-06T04:41:57.691+0000] {processor.py:925} INFO - DAG(s) 'hello_world_devan' retrieved from /opt/airflow/dags/Hello_world.py
[2024-10-06T04:41:57.706+0000] {logging_mixin.py:190} INFO - [2024-10-06T04:41:57.706+0000] {dag.py:3239} INFO - Sync 1 DAGs
[2024-10-06T04:41:57.725+0000] {logging_mixin.py:190} INFO - [2024-10-06T04:41:57.724+0000] {dag.py:4180} INFO - Setting next_dagrun for hello_world_devan to 2024-10-06 00:00:00+00:00, run_after=2024-10-07 00:00:00+00:00
[2024-10-06T04:41:57.742+0000] {processor.py:208} INFO - Processing /opt/airflow/dags/Hello_world.py took 0.064 seconds
[2024-10-06T04:42:27.767+0000] {processor.py:186} INFO - Started process (PID=3819) to work on /opt/airflow/dags/Hello_world.py
[2024-10-06T04:42:27.768+0000] {processor.py:914} INFO - Processing file /opt/airflow/dags/Hello_world.py for tasks to queue
[2024-10-06T04:42:27.770+0000] {logging_mixin.py:190} INFO - [2024-10-06T04:42:27.769+0000] {dagbag.py:588} INFO - Filling up the DagBag from /opt/airflow/dags/Hello_world.py
[2024-10-06T04:42:27.776+0000] {processor.py:925} INFO - DAG(s) 'hello_world_devan' retrieved from /opt/airflow/dags/Hello_world.py
[2024-10-06T04:42:27.790+0000] {logging_mixin.py:190} INFO - [2024-10-06T04:42:27.790+0000] {dag.py:3239} INFO - Sync 1 DAGs
[2024-10-06T04:42:27.808+0000] {logging_mixin.py:190} INFO - [2024-10-06T04:42:27.808+0000] {dag.py:4180} INFO - Setting next_dagrun for hello_world_devan to 2024-10-06 00:00:00+00:00, run_after=2024-10-07 00:00:00+00:00
[2024-10-06T04:42:27.828+0000] {processor.py:208} INFO - Processing /opt/airflow/dags/Hello_world.py took 0.065 seconds
[2024-10-06T04:42:57.903+0000] {processor.py:186} INFO - Started process (PID=3882) to work on /opt/airflow/dags/Hello_world.py
[2024-10-06T04:42:57.903+0000] {processor.py:914} INFO - Processing file /opt/airflow/dags/Hello_world.py for tasks to queue
[2024-10-06T04:42:57.905+0000] {logging_mixin.py:190} INFO - [2024-10-06T04:42:57.905+0000] {dagbag.py:588} INFO - Filling up the DagBag from /opt/airflow/dags/Hello_world.py
[2024-10-06T04:42:57.912+0000] {processor.py:925} INFO - DAG(s) 'hello_world_devan' retrieved from /opt/airflow/dags/Hello_world.py
[2024-10-06T04:42:57.926+0000] {logging_mixin.py:190} INFO - [2024-10-06T04:42:57.926+0000] {dag.py:3239} INFO - Sync 1 DAGs
[2024-10-06T04:42:57.944+0000] {logging_mixin.py:190} INFO - [2024-10-06T04:42:57.944+0000] {dag.py:4180} INFO - Setting next_dagrun for hello_world_devan to 2024-10-06 00:00:00+00:00, run_after=2024-10-07 00:00:00+00:00
[2024-10-06T04:42:57.962+0000] {processor.py:208} INFO - Processing /opt/airflow/dags/Hello_world.py took 0.063 seconds
[2024-10-06T04:43:28.283+0000] {processor.py:186} INFO - Started process (PID=3946) to work on /opt/airflow/dags/Hello_world.py
[2024-10-06T04:43:28.284+0000] {processor.py:914} INFO - Processing file /opt/airflow/dags/Hello_world.py for tasks to queue
[2024-10-06T04:43:28.286+0000] {logging_mixin.py:190} INFO - [2024-10-06T04:43:28.285+0000] {dagbag.py:588} INFO - Filling up the DagBag from /opt/airflow/dags/Hello_world.py
[2024-10-06T04:43:28.294+0000] {processor.py:925} INFO - DAG(s) 'hello_world_devan' retrieved from /opt/airflow/dags/Hello_world.py
[2024-10-06T04:43:28.310+0000] {logging_mixin.py:190} INFO - [2024-10-06T04:43:28.309+0000] {dag.py:3239} INFO - Sync 1 DAGs
[2024-10-06T04:43:28.328+0000] {logging_mixin.py:190} INFO - [2024-10-06T04:43:28.328+0000] {dag.py:4180} INFO - Setting next_dagrun for hello_world_devan to 2024-10-06 00:00:00+00:00, run_after=2024-10-07 00:00:00+00:00
[2024-10-06T04:43:28.346+0000] {processor.py:208} INFO - Processing /opt/airflow/dags/Hello_world.py took 0.067 seconds
[2024-10-06T04:43:58.717+0000] {processor.py:186} INFO - Started process (PID=4009) to work on /opt/airflow/dags/Hello_world.py
[2024-10-06T04:43:58.717+0000] {processor.py:914} INFO - Processing file /opt/airflow/dags/Hello_world.py for tasks to queue
[2024-10-06T04:43:58.719+0000] {logging_mixin.py:190} INFO - [2024-10-06T04:43:58.719+0000] {dagbag.py:588} INFO - Filling up the DagBag from /opt/airflow/dags/Hello_world.py
[2024-10-06T04:43:58.726+0000] {processor.py:925} INFO - DAG(s) 'hello_world_devan' retrieved from /opt/airflow/dags/Hello_world.py
[2024-10-06T04:43:58.740+0000] {logging_mixin.py:190} INFO - [2024-10-06T04:43:58.740+0000] {dag.py:3239} INFO - Sync 1 DAGs
[2024-10-06T04:43:58.758+0000] {logging_mixin.py:190} INFO - [2024-10-06T04:43:58.758+0000] {dag.py:4180} INFO - Setting next_dagrun for hello_world_devan to 2024-10-06 00:00:00+00:00, run_after=2024-10-07 00:00:00+00:00
[2024-10-06T04:43:58.776+0000] {processor.py:208} INFO - Processing /opt/airflow/dags/Hello_world.py took 0.063 seconds
[2024-10-06T04:44:29.047+0000] {processor.py:186} INFO - Started process (PID=4072) to work on /opt/airflow/dags/Hello_world.py
[2024-10-06T04:44:29.048+0000] {processor.py:914} INFO - Processing file /opt/airflow/dags/Hello_world.py for tasks to queue
[2024-10-06T04:44:29.049+0000] {logging_mixin.py:190} INFO - [2024-10-06T04:44:29.049+0000] {dagbag.py:588} INFO - Filling up the DagBag from /opt/airflow/dags/Hello_world.py
[2024-10-06T04:44:29.056+0000] {processor.py:925} INFO - DAG(s) 'hello_world_devan' retrieved from /opt/airflow/dags/Hello_world.py
[2024-10-06T04:44:29.070+0000] {logging_mixin.py:190} INFO - [2024-10-06T04:44:29.070+0000] {dag.py:3239} INFO - Sync 1 DAGs
[2024-10-06T04:44:29.092+0000] {logging_mixin.py:190} INFO - [2024-10-06T04:44:29.092+0000] {dag.py:4180} INFO - Setting next_dagrun for hello_world_devan to 2024-10-06 00:00:00+00:00, run_after=2024-10-07 00:00:00+00:00
[2024-10-06T04:44:29.111+0000] {processor.py:208} INFO - Processing /opt/airflow/dags/Hello_world.py took 0.068 seconds
[2024-10-06T04:44:59.587+0000] {processor.py:186} INFO - Started process (PID=4135) to work on /opt/airflow/dags/Hello_world.py
[2024-10-06T04:44:59.588+0000] {processor.py:914} INFO - Processing file /opt/airflow/dags/Hello_world.py for tasks to queue
[2024-10-06T04:44:59.590+0000] {logging_mixin.py:190} INFO - [2024-10-06T04:44:59.589+0000] {dagbag.py:588} INFO - Filling up the DagBag from /opt/airflow/dags/Hello_world.py
[2024-10-06T04:44:59.596+0000] {processor.py:925} INFO - DAG(s) 'hello_world_devan' retrieved from /opt/airflow/dags/Hello_world.py
[2024-10-06T04:44:59.610+0000] {logging_mixin.py:190} INFO - [2024-10-06T04:44:59.610+0000] {dag.py:3239} INFO - Sync 1 DAGs
[2024-10-06T04:44:59.628+0000] {logging_mixin.py:190} INFO - [2024-10-06T04:44:59.627+0000] {dag.py:4180} INFO - Setting next_dagrun for hello_world_devan to 2024-10-06 00:00:00+00:00, run_after=2024-10-07 00:00:00+00:00
[2024-10-06T04:44:59.646+0000] {processor.py:208} INFO - Processing /opt/airflow/dags/Hello_world.py took 0.064 seconds
[2024-10-06T04:45:30.059+0000] {processor.py:186} INFO - Started process (PID=4198) to work on /opt/airflow/dags/Hello_world.py
[2024-10-06T04:45:30.060+0000] {processor.py:914} INFO - Processing file /opt/airflow/dags/Hello_world.py for tasks to queue
[2024-10-06T04:45:30.061+0000] {logging_mixin.py:190} INFO - [2024-10-06T04:45:30.061+0000] {dagbag.py:588} INFO - Filling up the DagBag from /opt/airflow/dags/Hello_world.py
[2024-10-06T04:45:30.068+0000] {processor.py:925} INFO - DAG(s) 'hello_world_devan' retrieved from /opt/airflow/dags/Hello_world.py
[2024-10-06T04:45:30.082+0000] {logging_mixin.py:190} INFO - [2024-10-06T04:45:30.082+0000] {dag.py:3239} INFO - Sync 1 DAGs
[2024-10-06T04:45:30.101+0000] {logging_mixin.py:190} INFO - [2024-10-06T04:45:30.100+0000] {dag.py:4180} INFO - Setting next_dagrun for hello_world_devan to 2024-10-06 00:00:00+00:00, run_after=2024-10-07 00:00:00+00:00
[2024-10-06T04:45:30.119+0000] {processor.py:208} INFO - Processing /opt/airflow/dags/Hello_world.py took 0.065 seconds
[2024-10-06T04:46:00.288+0000] {processor.py:186} INFO - Started process (PID=4261) to work on /opt/airflow/dags/Hello_world.py
[2024-10-06T04:46:00.288+0000] {processor.py:914} INFO - Processing file /opt/airflow/dags/Hello_world.py for tasks to queue
[2024-10-06T04:46:00.290+0000] {logging_mixin.py:190} INFO - [2024-10-06T04:46:00.290+0000] {dagbag.py:588} INFO - Filling up the DagBag from /opt/airflow/dags/Hello_world.py
[2024-10-06T04:46:00.299+0000] {processor.py:925} INFO - DAG(s) 'hello_world_devan' retrieved from /opt/airflow/dags/Hello_world.py
[2024-10-06T04:46:00.313+0000] {logging_mixin.py:190} INFO - [2024-10-06T04:46:00.313+0000] {dag.py:3239} INFO - Sync 1 DAGs
[2024-10-06T04:46:00.331+0000] {logging_mixin.py:190} INFO - [2024-10-06T04:46:00.331+0000] {dag.py:4180} INFO - Setting next_dagrun for hello_world_devan to 2024-10-06 00:00:00+00:00, run_after=2024-10-07 00:00:00+00:00
[2024-10-06T04:46:00.349+0000] {processor.py:208} INFO - Processing /opt/airflow/dags/Hello_world.py took 0.067 seconds
[2024-10-06T04:46:30.552+0000] {processor.py:186} INFO - Started process (PID=4324) to work on /opt/airflow/dags/Hello_world.py
[2024-10-06T04:46:30.553+0000] {processor.py:914} INFO - Processing file /opt/airflow/dags/Hello_world.py for tasks to queue
[2024-10-06T04:46:30.555+0000] {logging_mixin.py:190} INFO - [2024-10-06T04:46:30.555+0000] {dagbag.py:588} INFO - Filling up the DagBag from /opt/airflow/dags/Hello_world.py
[2024-10-06T04:46:30.562+0000] {processor.py:925} INFO - DAG(s) 'hello_world_devan' retrieved from /opt/airflow/dags/Hello_world.py
[2024-10-06T04:46:30.576+0000] {logging_mixin.py:190} INFO - [2024-10-06T04:46:30.575+0000] {dag.py:3239} INFO - Sync 1 DAGs
[2024-10-06T04:46:30.594+0000] {logging_mixin.py:190} INFO - [2024-10-06T04:46:30.594+0000] {dag.py:4180} INFO - Setting next_dagrun for hello_world_devan to 2024-10-06 00:00:00+00:00, run_after=2024-10-07 00:00:00+00:00
[2024-10-06T04:46:30.610+0000] {processor.py:208} INFO - Processing /opt/airflow/dags/Hello_world.py took 0.062 seconds
[2024-10-06T04:47:00.736+0000] {processor.py:186} INFO - Started process (PID=4387) to work on /opt/airflow/dags/Hello_world.py
[2024-10-06T04:47:00.736+0000] {processor.py:914} INFO - Processing file /opt/airflow/dags/Hello_world.py for tasks to queue
[2024-10-06T04:47:00.738+0000] {logging_mixin.py:190} INFO - [2024-10-06T04:47:00.738+0000] {dagbag.py:588} INFO - Filling up the DagBag from /opt/airflow/dags/Hello_world.py
[2024-10-06T04:47:00.745+0000] {processor.py:925} INFO - DAG(s) 'hello_world_devan' retrieved from /opt/airflow/dags/Hello_world.py
[2024-10-06T04:47:00.758+0000] {logging_mixin.py:190} INFO - [2024-10-06T04:47:00.758+0000] {dag.py:3239} INFO - Sync 1 DAGs
[2024-10-06T04:47:00.776+0000] {logging_mixin.py:190} INFO - [2024-10-06T04:47:00.776+0000] {dag.py:4180} INFO - Setting next_dagrun for hello_world_devan to 2024-10-06 00:00:00+00:00, run_after=2024-10-07 00:00:00+00:00
[2024-10-06T04:47:00.795+0000] {processor.py:208} INFO - Processing /opt/airflow/dags/Hello_world.py took 0.064 seconds
[2024-10-06T04:47:31.125+0000] {processor.py:186} INFO - Started process (PID=4450) to work on /opt/airflow/dags/Hello_world.py
[2024-10-06T04:47:31.125+0000] {processor.py:914} INFO - Processing file /opt/airflow/dags/Hello_world.py for tasks to queue
[2024-10-06T04:47:31.127+0000] {logging_mixin.py:190} INFO - [2024-10-06T04:47:31.127+0000] {dagbag.py:588} INFO - Filling up the DagBag from /opt/airflow/dags/Hello_world.py
[2024-10-06T04:47:31.134+0000] {processor.py:925} INFO - DAG(s) 'hello_world_devan' retrieved from /opt/airflow/dags/Hello_world.py
[2024-10-06T04:47:31.150+0000] {logging_mixin.py:190} INFO - [2024-10-06T04:47:31.150+0000] {dag.py:3239} INFO - Sync 1 DAGs
[2024-10-06T04:47:31.170+0000] {logging_mixin.py:190} INFO - [2024-10-06T04:47:31.170+0000] {dag.py:4180} INFO - Setting next_dagrun for hello_world_devan to 2024-10-06 00:00:00+00:00, run_after=2024-10-07 00:00:00+00:00
[2024-10-06T04:47:31.188+0000] {processor.py:208} INFO - Processing /opt/airflow/dags/Hello_world.py took 0.068 seconds
[2024-10-06T04:48:01.401+0000] {processor.py:186} INFO - Started process (PID=4513) to work on /opt/airflow/dags/Hello_world.py
[2024-10-06T04:48:01.402+0000] {processor.py:914} INFO - Processing file /opt/airflow/dags/Hello_world.py for tasks to queue
[2024-10-06T04:48:01.403+0000] {logging_mixin.py:190} INFO - [2024-10-06T04:48:01.403+0000] {dagbag.py:588} INFO - Filling up the DagBag from /opt/airflow/dags/Hello_world.py
[2024-10-06T04:48:01.410+0000] {processor.py:925} INFO - DAG(s) 'hello_world_devan' retrieved from /opt/airflow/dags/Hello_world.py
[2024-10-06T04:48:01.424+0000] {logging_mixin.py:190} INFO - [2024-10-06T04:48:01.424+0000] {dag.py:3239} INFO - Sync 1 DAGs
[2024-10-06T04:48:01.443+0000] {logging_mixin.py:190} INFO - [2024-10-06T04:48:01.443+0000] {dag.py:4180} INFO - Setting next_dagrun for hello_world_devan to 2024-10-06 00:00:00+00:00, run_after=2024-10-07 00:00:00+00:00
[2024-10-06T04:48:01.461+0000] {processor.py:208} INFO - Processing /opt/airflow/dags/Hello_world.py took 0.065 seconds
[2024-10-06T04:48:31.674+0000] {processor.py:186} INFO - Started process (PID=4575) to work on /opt/airflow/dags/Hello_world.py
[2024-10-06T04:48:31.674+0000] {processor.py:914} INFO - Processing file /opt/airflow/dags/Hello_world.py for tasks to queue
[2024-10-06T04:48:31.676+0000] {logging_mixin.py:190} INFO - [2024-10-06T04:48:31.676+0000] {dagbag.py:588} INFO - Filling up the DagBag from /opt/airflow/dags/Hello_world.py
[2024-10-06T04:48:31.682+0000] {processor.py:925} INFO - DAG(s) 'hello_world_devan' retrieved from /opt/airflow/dags/Hello_world.py
[2024-10-06T04:48:31.696+0000] {logging_mixin.py:190} INFO - [2024-10-06T04:48:31.696+0000] {dag.py:3239} INFO - Sync 1 DAGs
[2024-10-06T04:48:31.718+0000] {logging_mixin.py:190} INFO - [2024-10-06T04:48:31.717+0000] {dag.py:4180} INFO - Setting next_dagrun for hello_world_devan to 2024-10-06 00:00:00+00:00, run_after=2024-10-07 00:00:00+00:00
[2024-10-06T04:48:31.738+0000] {processor.py:208} INFO - Processing /opt/airflow/dags/Hello_world.py took 0.068 seconds
[2024-10-06T04:49:01.880+0000] {processor.py:186} INFO - Started process (PID=4638) to work on /opt/airflow/dags/Hello_world.py
[2024-10-06T04:49:01.880+0000] {processor.py:914} INFO - Processing file /opt/airflow/dags/Hello_world.py for tasks to queue
[2024-10-06T04:49:01.882+0000] {logging_mixin.py:190} INFO - [2024-10-06T04:49:01.882+0000] {dagbag.py:588} INFO - Filling up the DagBag from /opt/airflow/dags/Hello_world.py
[2024-10-06T04:49:01.889+0000] {processor.py:925} INFO - DAG(s) 'hello_world_devan' retrieved from /opt/airflow/dags/Hello_world.py
[2024-10-06T04:49:01.906+0000] {logging_mixin.py:190} INFO - [2024-10-06T04:49:01.906+0000] {dag.py:3239} INFO - Sync 1 DAGs
[2024-10-06T04:49:01.933+0000] {logging_mixin.py:190} INFO - [2024-10-06T04:49:01.933+0000] {dag.py:4180} INFO - Setting next_dagrun for hello_world_devan to 2024-10-06 00:00:00+00:00, run_after=2024-10-07 00:00:00+00:00
[2024-10-06T04:49:01.955+0000] {processor.py:208} INFO - Processing /opt/airflow/dags/Hello_world.py took 0.080 seconds
[2024-10-06T04:49:32.117+0000] {processor.py:186} INFO - Started process (PID=4701) to work on /opt/airflow/dags/Hello_world.py
[2024-10-06T04:49:32.117+0000] {processor.py:914} INFO - Processing file /opt/airflow/dags/Hello_world.py for tasks to queue
[2024-10-06T04:49:32.119+0000] {logging_mixin.py:190} INFO - [2024-10-06T04:49:32.119+0000] {dagbag.py:588} INFO - Filling up the DagBag from /opt/airflow/dags/Hello_world.py
[2024-10-06T04:49:32.126+0000] {processor.py:925} INFO - DAG(s) 'hello_world_devan' retrieved from /opt/airflow/dags/Hello_world.py
[2024-10-06T04:49:32.140+0000] {logging_mixin.py:190} INFO - [2024-10-06T04:49:32.139+0000] {dag.py:3239} INFO - Sync 1 DAGs
[2024-10-06T04:49:32.157+0000] {logging_mixin.py:190} INFO - [2024-10-06T04:49:32.157+0000] {dag.py:4180} INFO - Setting next_dagrun for hello_world_devan to 2024-10-06 00:00:00+00:00, run_after=2024-10-07 00:00:00+00:00
[2024-10-06T04:49:32.174+0000] {processor.py:208} INFO - Processing /opt/airflow/dags/Hello_world.py took 0.063 seconds
[2024-10-06T04:50:02.213+0000] {processor.py:186} INFO - Started process (PID=4764) to work on /opt/airflow/dags/Hello_world.py
[2024-10-06T04:50:02.214+0000] {processor.py:914} INFO - Processing file /opt/airflow/dags/Hello_world.py for tasks to queue
[2024-10-06T04:50:02.215+0000] {logging_mixin.py:190} INFO - [2024-10-06T04:50:02.215+0000] {dagbag.py:588} INFO - Filling up the DagBag from /opt/airflow/dags/Hello_world.py
[2024-10-06T04:50:02.222+0000] {processor.py:925} INFO - DAG(s) 'hello_world_devan' retrieved from /opt/airflow/dags/Hello_world.py
[2024-10-06T04:50:02.237+0000] {logging_mixin.py:190} INFO - [2024-10-06T04:50:02.236+0000] {dag.py:3239} INFO - Sync 1 DAGs
[2024-10-06T04:50:02.255+0000] {logging_mixin.py:190} INFO - [2024-10-06T04:50:02.255+0000] {dag.py:4180} INFO - Setting next_dagrun for hello_world_devan to 2024-10-06 00:00:00+00:00, run_after=2024-10-07 00:00:00+00:00
[2024-10-06T04:50:02.276+0000] {processor.py:208} INFO - Processing /opt/airflow/dags/Hello_world.py took 0.068 seconds
[2024-10-06T04:50:32.588+0000] {processor.py:186} INFO - Started process (PID=4827) to work on /opt/airflow/dags/Hello_world.py
[2024-10-06T04:50:32.589+0000] {processor.py:914} INFO - Processing file /opt/airflow/dags/Hello_world.py for tasks to queue
[2024-10-06T04:50:32.591+0000] {logging_mixin.py:190} INFO - [2024-10-06T04:50:32.590+0000] {dagbag.py:588} INFO - Filling up the DagBag from /opt/airflow/dags/Hello_world.py
[2024-10-06T04:50:32.597+0000] {processor.py:925} INFO - DAG(s) 'hello_world_devan' retrieved from /opt/airflow/dags/Hello_world.py
[2024-10-06T04:50:32.611+0000] {logging_mixin.py:190} INFO - [2024-10-06T04:50:32.611+0000] {dag.py:3239} INFO - Sync 1 DAGs
[2024-10-06T04:50:32.629+0000] {logging_mixin.py:190} INFO - [2024-10-06T04:50:32.629+0000] {dag.py:4180} INFO - Setting next_dagrun for hello_world_devan to 2024-10-06 00:00:00+00:00, run_after=2024-10-07 00:00:00+00:00
[2024-10-06T04:50:32.646+0000] {processor.py:208} INFO - Processing /opt/airflow/dags/Hello_world.py took 0.062 seconds
[2024-10-06T04:51:03.046+0000] {processor.py:186} INFO - Started process (PID=4890) to work on /opt/airflow/dags/Hello_world.py
[2024-10-06T04:51:03.047+0000] {processor.py:914} INFO - Processing file /opt/airflow/dags/Hello_world.py for tasks to queue
[2024-10-06T04:51:03.049+0000] {logging_mixin.py:190} INFO - [2024-10-06T04:51:03.048+0000] {dagbag.py:588} INFO - Filling up the DagBag from /opt/airflow/dags/Hello_world.py
[2024-10-06T04:51:03.056+0000] {processor.py:925} INFO - DAG(s) 'hello_world_devan' retrieved from /opt/airflow/dags/Hello_world.py
[2024-10-06T04:51:03.071+0000] {logging_mixin.py:190} INFO - [2024-10-06T04:51:03.071+0000] {dag.py:3239} INFO - Sync 1 DAGs
[2024-10-06T04:51:03.089+0000] {logging_mixin.py:190} INFO - [2024-10-06T04:51:03.089+0000] {dag.py:4180} INFO - Setting next_dagrun for hello_world_devan to 2024-10-06 00:00:00+00:00, run_after=2024-10-07 00:00:00+00:00
[2024-10-06T04:51:03.107+0000] {processor.py:208} INFO - Processing /opt/airflow/dags/Hello_world.py took 0.066 seconds
[2024-10-06T04:51:33.422+0000] {processor.py:186} INFO - Started process (PID=4953) to work on /opt/airflow/dags/Hello_world.py
[2024-10-06T04:51:33.423+0000] {processor.py:914} INFO - Processing file /opt/airflow/dags/Hello_world.py for tasks to queue
[2024-10-06T04:51:33.425+0000] {logging_mixin.py:190} INFO - [2024-10-06T04:51:33.424+0000] {dagbag.py:588} INFO - Filling up the DagBag from /opt/airflow/dags/Hello_world.py
[2024-10-06T04:51:33.432+0000] {processor.py:925} INFO - DAG(s) 'hello_world_devan' retrieved from /opt/airflow/dags/Hello_world.py
[2024-10-06T04:51:33.448+0000] {logging_mixin.py:190} INFO - [2024-10-06T04:51:33.448+0000] {dag.py:3239} INFO - Sync 1 DAGs
[2024-10-06T04:51:33.467+0000] {logging_mixin.py:190} INFO - [2024-10-06T04:51:33.467+0000] {dag.py:4180} INFO - Setting next_dagrun for hello_world_devan to 2024-10-06 00:00:00+00:00, run_after=2024-10-07 00:00:00+00:00
[2024-10-06T04:51:33.485+0000] {processor.py:208} INFO - Processing /opt/airflow/dags/Hello_world.py took 0.068 seconds
[2024-10-06T04:52:03.883+0000] {processor.py:186} INFO - Started process (PID=5016) to work on /opt/airflow/dags/Hello_world.py
[2024-10-06T04:52:03.884+0000] {processor.py:914} INFO - Processing file /opt/airflow/dags/Hello_world.py for tasks to queue
[2024-10-06T04:52:03.886+0000] {logging_mixin.py:190} INFO - [2024-10-06T04:52:03.886+0000] {dagbag.py:588} INFO - Filling up the DagBag from /opt/airflow/dags/Hello_world.py
[2024-10-06T04:52:03.896+0000] {processor.py:925} INFO - DAG(s) 'hello_world_devan' retrieved from /opt/airflow/dags/Hello_world.py
[2024-10-06T04:52:03.914+0000] {logging_mixin.py:190} INFO - [2024-10-06T04:52:03.914+0000] {dag.py:3239} INFO - Sync 1 DAGs
[2024-10-06T04:52:03.933+0000] {logging_mixin.py:190} INFO - [2024-10-06T04:52:03.932+0000] {dag.py:4180} INFO - Setting next_dagrun for hello_world_devan to 2024-10-06 00:00:00+00:00, run_after=2024-10-07 00:00:00+00:00
[2024-10-06T04:52:03.957+0000] {processor.py:208} INFO - Processing /opt/airflow/dags/Hello_world.py took 0.081 seconds
[2024-10-06T04:52:34.122+0000] {processor.py:186} INFO - Started process (PID=5080) to work on /opt/airflow/dags/Hello_world.py
[2024-10-06T04:52:34.122+0000] {processor.py:914} INFO - Processing file /opt/airflow/dags/Hello_world.py for tasks to queue
[2024-10-06T04:52:34.124+0000] {logging_mixin.py:190} INFO - [2024-10-06T04:52:34.124+0000] {dagbag.py:588} INFO - Filling up the DagBag from /opt/airflow/dags/Hello_world.py
[2024-10-06T04:52:34.130+0000] {processor.py:925} INFO - DAG(s) 'hello_world_devan' retrieved from /opt/airflow/dags/Hello_world.py
[2024-10-06T04:52:34.144+0000] {logging_mixin.py:190} INFO - [2024-10-06T04:52:34.144+0000] {dag.py:3239} INFO - Sync 1 DAGs
[2024-10-06T04:52:34.162+0000] {logging_mixin.py:190} INFO - [2024-10-06T04:52:34.162+0000] {dag.py:4180} INFO - Setting next_dagrun for hello_world_devan to 2024-10-06 00:00:00+00:00, run_after=2024-10-07 00:00:00+00:00
[2024-10-06T04:52:34.186+0000] {processor.py:208} INFO - Processing /opt/airflow/dags/Hello_world.py took 0.069 seconds
[2024-10-06T04:53:04.523+0000] {processor.py:186} INFO - Started process (PID=5145) to work on /opt/airflow/dags/Hello_world.py
[2024-10-06T04:53:04.523+0000] {processor.py:914} INFO - Processing file /opt/airflow/dags/Hello_world.py for tasks to queue
[2024-10-06T04:53:04.525+0000] {logging_mixin.py:190} INFO - [2024-10-06T04:53:04.525+0000] {dagbag.py:588} INFO - Filling up the DagBag from /opt/airflow/dags/Hello_world.py
[2024-10-06T04:53:04.531+0000] {processor.py:925} INFO - DAG(s) 'hello_world_devan' retrieved from /opt/airflow/dags/Hello_world.py
[2024-10-06T04:53:04.545+0000] {logging_mixin.py:190} INFO - [2024-10-06T04:53:04.545+0000] {dag.py:3239} INFO - Sync 1 DAGs
[2024-10-06T04:53:04.564+0000] {logging_mixin.py:190} INFO - [2024-10-06T04:53:04.564+0000] {dag.py:4180} INFO - Setting next_dagrun for hello_world_devan to 2024-10-06 00:00:00+00:00, run_after=2024-10-07 00:00:00+00:00
[2024-10-06T04:53:04.581+0000] {processor.py:208} INFO - Processing /opt/airflow/dags/Hello_world.py took 0.063 seconds
[2024-10-06T04:53:34.985+0000] {processor.py:186} INFO - Started process (PID=5209) to work on /opt/airflow/dags/Hello_world.py
[2024-10-06T04:53:34.986+0000] {processor.py:914} INFO - Processing file /opt/airflow/dags/Hello_world.py for tasks to queue
[2024-10-06T04:53:34.988+0000] {logging_mixin.py:190} INFO - [2024-10-06T04:53:34.987+0000] {dagbag.py:588} INFO - Filling up the DagBag from /opt/airflow/dags/Hello_world.py
[2024-10-06T04:53:34.995+0000] {processor.py:925} INFO - DAG(s) 'hello_world_devan' retrieved from /opt/airflow/dags/Hello_world.py
[2024-10-06T04:53:35.012+0000] {logging_mixin.py:190} INFO - [2024-10-06T04:53:35.012+0000] {dag.py:3239} INFO - Sync 1 DAGs
[2024-10-06T04:53:35.031+0000] {logging_mixin.py:190} INFO - [2024-10-06T04:53:35.031+0000] {dag.py:4180} INFO - Setting next_dagrun for hello_world_devan to 2024-10-06 00:00:00+00:00, run_after=2024-10-07 00:00:00+00:00
[2024-10-06T04:53:35.049+0000] {processor.py:208} INFO - Processing /opt/airflow/dags/Hello_world.py took 0.068 seconds
[2024-10-06T04:54:05.211+0000] {processor.py:186} INFO - Started process (PID=5273) to work on /opt/airflow/dags/Hello_world.py
[2024-10-06T04:54:05.211+0000] {processor.py:914} INFO - Processing file /opt/airflow/dags/Hello_world.py for tasks to queue
[2024-10-06T04:54:05.213+0000] {logging_mixin.py:190} INFO - [2024-10-06T04:54:05.213+0000] {dagbag.py:588} INFO - Filling up the DagBag from /opt/airflow/dags/Hello_world.py
[2024-10-06T04:54:05.219+0000] {processor.py:925} INFO - DAG(s) 'hello_world_devan' retrieved from /opt/airflow/dags/Hello_world.py
[2024-10-06T04:54:05.233+0000] {logging_mixin.py:190} INFO - [2024-10-06T04:54:05.233+0000] {dag.py:3239} INFO - Sync 1 DAGs
[2024-10-06T04:54:05.251+0000] {logging_mixin.py:190} INFO - [2024-10-06T04:54:05.251+0000] {dag.py:4180} INFO - Setting next_dagrun for hello_world_devan to 2024-10-06 00:00:00+00:00, run_after=2024-10-07 00:00:00+00:00
[2024-10-06T04:54:05.269+0000] {processor.py:208} INFO - Processing /opt/airflow/dags/Hello_world.py took 0.063 seconds
[2024-10-06T04:54:35.436+0000] {processor.py:186} INFO - Started process (PID=5337) to work on /opt/airflow/dags/Hello_world.py
[2024-10-06T04:54:35.436+0000] {processor.py:914} INFO - Processing file /opt/airflow/dags/Hello_world.py for tasks to queue
[2024-10-06T04:54:35.439+0000] {logging_mixin.py:190} INFO - [2024-10-06T04:54:35.438+0000] {dagbag.py:588} INFO - Filling up the DagBag from /opt/airflow/dags/Hello_world.py
[2024-10-06T04:54:35.448+0000] {processor.py:925} INFO - DAG(s) 'hello_world_devan' retrieved from /opt/airflow/dags/Hello_world.py
[2024-10-06T04:54:35.469+0000] {logging_mixin.py:190} INFO - [2024-10-06T04:54:35.469+0000] {dag.py:3239} INFO - Sync 1 DAGs
[2024-10-06T04:54:35.496+0000] {logging_mixin.py:190} INFO - [2024-10-06T04:54:35.496+0000] {dag.py:4180} INFO - Setting next_dagrun for hello_world_devan to 2024-10-06 00:00:00+00:00, run_after=2024-10-07 00:00:00+00:00
[2024-10-06T04:54:35.519+0000] {processor.py:208} INFO - Processing /opt/airflow/dags/Hello_world.py took 0.090 seconds
[2024-10-06T04:55:05.766+0000] {processor.py:186} INFO - Started process (PID=5401) to work on /opt/airflow/dags/Hello_world.py
[2024-10-06T04:55:05.766+0000] {processor.py:914} INFO - Processing file /opt/airflow/dags/Hello_world.py for tasks to queue
[2024-10-06T04:55:05.768+0000] {logging_mixin.py:190} INFO - [2024-10-06T04:55:05.768+0000] {dagbag.py:588} INFO - Filling up the DagBag from /opt/airflow/dags/Hello_world.py
[2024-10-06T04:55:05.774+0000] {processor.py:925} INFO - DAG(s) 'hello_world_devan' retrieved from /opt/airflow/dags/Hello_world.py
[2024-10-06T04:55:05.788+0000] {logging_mixin.py:190} INFO - [2024-10-06T04:55:05.788+0000] {dag.py:3239} INFO - Sync 1 DAGs
[2024-10-06T04:55:05.806+0000] {logging_mixin.py:190} INFO - [2024-10-06T04:55:05.806+0000] {dag.py:4180} INFO - Setting next_dagrun for hello_world_devan to 2024-10-06 00:00:00+00:00, run_after=2024-10-07 00:00:00+00:00
[2024-10-06T04:55:05.822+0000] {processor.py:208} INFO - Processing /opt/airflow/dags/Hello_world.py took 0.061 seconds
[2024-10-06T04:55:36.023+0000] {processor.py:186} INFO - Started process (PID=5465) to work on /opt/airflow/dags/Hello_world.py
[2024-10-06T04:55:36.024+0000] {processor.py:914} INFO - Processing file /opt/airflow/dags/Hello_world.py for tasks to queue
[2024-10-06T04:55:36.026+0000] {logging_mixin.py:190} INFO - [2024-10-06T04:55:36.025+0000] {dagbag.py:588} INFO - Filling up the DagBag from /opt/airflow/dags/Hello_world.py
[2024-10-06T04:55:36.035+0000] {processor.py:925} INFO - DAG(s) 'hello_world_devan' retrieved from /opt/airflow/dags/Hello_world.py
[2024-10-06T04:55:36.051+0000] {logging_mixin.py:190} INFO - [2024-10-06T04:55:36.051+0000] {dag.py:3239} INFO - Sync 1 DAGs
[2024-10-06T04:55:36.070+0000] {logging_mixin.py:190} INFO - [2024-10-06T04:55:36.070+0000] {dag.py:4180} INFO - Setting next_dagrun for hello_world_devan to 2024-10-06 00:00:00+00:00, run_after=2024-10-07 00:00:00+00:00
[2024-10-06T04:55:36.088+0000] {processor.py:208} INFO - Processing /opt/airflow/dags/Hello_world.py took 0.070 seconds
[2024-10-06T04:56:06.299+0000] {processor.py:186} INFO - Started process (PID=5530) to work on /opt/airflow/dags/Hello_world.py
[2024-10-06T04:56:06.300+0000] {processor.py:914} INFO - Processing file /opt/airflow/dags/Hello_world.py for tasks to queue
[2024-10-06T04:56:06.302+0000] {logging_mixin.py:190} INFO - [2024-10-06T04:56:06.302+0000] {dagbag.py:588} INFO - Filling up the DagBag from /opt/airflow/dags/Hello_world.py
[2024-10-06T04:56:06.311+0000] {processor.py:925} INFO - DAG(s) 'hello_world_devan' retrieved from /opt/airflow/dags/Hello_world.py
[2024-10-06T04:56:06.329+0000] {logging_mixin.py:190} INFO - [2024-10-06T04:56:06.329+0000] {dag.py:3239} INFO - Sync 1 DAGs
[2024-10-06T04:56:06.354+0000] {logging_mixin.py:190} INFO - [2024-10-06T04:56:06.354+0000] {dag.py:4180} INFO - Setting next_dagrun for hello_world_devan to 2024-10-06 00:00:00+00:00, run_after=2024-10-07 00:00:00+00:00
[2024-10-06T04:56:06.380+0000] {processor.py:208} INFO - Processing /opt/airflow/dags/Hello_world.py took 0.087 seconds
[2024-10-06T04:56:36.552+0000] {processor.py:186} INFO - Started process (PID=5594) to work on /opt/airflow/dags/Hello_world.py
[2024-10-06T04:56:36.553+0000] {processor.py:914} INFO - Processing file /opt/airflow/dags/Hello_world.py for tasks to queue
[2024-10-06T04:56:36.554+0000] {logging_mixin.py:190} INFO - [2024-10-06T04:56:36.554+0000] {dagbag.py:588} INFO - Filling up the DagBag from /opt/airflow/dags/Hello_world.py
[2024-10-06T04:56:36.561+0000] {processor.py:925} INFO - DAG(s) 'hello_world_devan' retrieved from /opt/airflow/dags/Hello_world.py
[2024-10-06T04:56:36.576+0000] {logging_mixin.py:190} INFO - [2024-10-06T04:56:36.575+0000] {dag.py:3239} INFO - Sync 1 DAGs
[2024-10-06T04:56:36.594+0000] {logging_mixin.py:190} INFO - [2024-10-06T04:56:36.594+0000] {dag.py:4180} INFO - Setting next_dagrun for hello_world_devan to 2024-10-06 00:00:00+00:00, run_after=2024-10-07 00:00:00+00:00
[2024-10-06T04:56:36.613+0000] {processor.py:208} INFO - Processing /opt/airflow/dags/Hello_world.py took 0.065 seconds
